2019-03-09 09:35:18,395 - cnn_mnist - INFO - [[[[0.         0.         0.         ... 0.         0.
    0.        ]
   [0.         0.         0.         ... 0.         0.
    0.        ]
   [0.         0.         0.         ... 0.         0.
    0.        ]
   ...
   [0.         0.         0.         ... 0.         0.
    0.        ]
   [0.         0.         0.         ... 0.         0.
    0.        ]
   [0.         0.         0.         ... 0.         0.
    0.        ]]

  [[0.         0.         0.         ... 0.         0.
    0.        ]
   [0.         0.         0.         ... 0.         0.
    0.        ]
   [0.         0.         0.         ... 0.         0.
    0.        ]
   ...
   [0.         0.         0.         ... 0.         0.
    0.        ]
   [0.         0.         0.         ... 0.         0.
    0.        ]
   [0.         0.         0.         ... 0.         0.
    0.        ]]

  [[0.         0.         0.         ... 0.         0.
    0.        ]
   [0.         0.         0.         ... 0.         0.
    0.        ]
   [0.         0.         0.         ... 0.         0.
    0.        ]
   ...
   [0.         0.         0.         ... 0.         0.
    0.        ]
   [0.         0.         0.         ... 0.         0.
    0.        ]
   [0.         0.         0.         ... 0.         0.
    0.        ]]

  ...

  [[0.         0.         0.         ... 0.         0.
    0.        ]
   [0.         0.         0.         ... 0.         0.
    0.        ]
   [0.         0.00764861 0.         ... 0.00198442 0.
    0.03708037]
   ...
   [0.00616531 0.         0.         ... 0.         0.
    0.        ]
   [0.         0.         0.         ... 0.         0.
    0.        ]
   [0.         0.         0.         ... 0.         0.
    0.        ]]

  [[0.         0.         0.         ... 0.         0.
    0.        ]
   [0.         0.         0.         ... 0.         0.
    0.        ]
   [0.         0.         0.         ... 0.         0.
    0.        ]
   ...
   [0.         0.         0.         ... 0.         0.
    0.        ]
   [0.         0.         0.         ... 0.         0.
    0.        ]
   [0.         0.         0.         ... 0.         0.
    0.        ]]

  [[0.         0.         0.         ... 0.         0.
    0.        ]
   [0.         0.         0.         ... 0.         0.
    0.        ]
   [0.         0.         0.         ... 0.         0.
    0.        ]
   ...
   [0.         0.         0.         ... 0.         0.
    0.        ]
   [0.         0.         0.         ... 0.         0.
    0.        ]
   [0.         0.         0.         ... 0.         0.
    0.        ]]]]
2019-03-09 09:35:18,405 - cnn_mnist - INFO - [[0. 0. 0. 0. 0. 0. 0. 0. 0. 0. 0. 0. 0. 0. 0. 0. 0. 0. 0. 0. 0. 0. 0. 0.
  0. 0. 0. 0. 0. 0. 0. 0.]
 [0. 0. 0. 0. 0. 0. 0. 0. 0. 0. 0. 0. 0. 0. 0. 0. 0. 0. 0. 0. 0. 0. 0. 0.
  0. 0. 0. 0. 0. 0. 0. 0.]
 [0. 0. 0. 0. 0. 0. 0. 0. 0. 0. 0. 0. 0. 0. 0. 0. 0. 0. 0. 0. 0. 0. 0. 0.
  0. 0. 0. 0. 0. 0. 0. 0.]
 [0. 0. 0. 0. 0. 0. 0. 0. 0. 0. 0. 0. 0. 0. 0. 0. 0. 0. 0. 0. 0. 0. 0. 0.
  0. 0. 0. 0. 0. 0. 0. 0.]
 [0. 0. 0. 0. 0. 0. 0. 0. 0. 0. 0. 0. 0. 0. 0. 0. 0. 0. 0. 0. 0. 0. 0. 0.
  0. 0. 0. 0. 0. 0. 0. 0.]
 [0. 0. 0. 0. 0. 0. 0. 0. 0. 0. 0. 0. 0. 0. 0. 0. 0. 0. 0. 0. 0. 0. 0. 0.
  0. 0. 0. 0. 0. 0. 0. 0.]
 [0. 0. 0. 0. 0. 0. 0. 0. 0. 0. 0. 0. 0. 0. 0. 0. 0. 0. 0. 0. 0. 0. 0. 0.
  0. 0. 0. 0. 0. 0. 0. 0.]
 [0. 0. 0. 0. 0. 0. 0. 0. 0. 0. 0. 0. 0. 0. 0. 0. 0. 0. 0. 0. 0. 0. 0. 0.
  0. 0. 0. 0. 0. 0. 0. 0.]
 [0. 0. 0. 0. 0. 0. 0. 0. 0. 0. 0. 0. 0. 0. 0. 0. 0. 0. 0. 0. 0. 0. 0. 0.
  0. 0. 0. 0. 0. 0. 0. 0.]
 [0. 0. 0. 0. 0. 0. 0. 0. 0. 0. 0. 0. 0. 0. 0. 0. 0. 0. 0. 0. 0. 0. 0. 0.
  0. 0. 0. 0. 0. 0. 0. 0.]
 [0. 0. 0. 0. 0. 0. 0. 0. 0. 0. 0. 0. 0. 0. 0. 0. 0. 0. 0. 0. 0. 0. 0. 0.
  0. 0. 0. 0. 0. 0. 0. 0.]
 [0. 0. 0. 0. 0. 0. 0. 0. 0. 0. 0. 0. 0. 0. 0. 0. 0. 0. 0. 0. 0. 0. 0. 0.
  0. 0. 0. 0. 0. 0. 0. 0.]
 [0. 0. 0. 0. 0. 0. 0. 0. 0. 0. 0. 0. 0. 0. 0. 0. 0. 0. 0. 0. 0. 0. 0. 0.
  0. 0. 0. 0. 0. 0. 0. 0.]
 [0. 0. 0. 0. 0. 0. 0. 0. 0. 0. 0. 0. 0. 0. 0. 0. 0. 0. 0. 0. 0. 0. 0. 0.
  0. 0. 0. 0. 0. 0. 0. 0.]]
2019-03-09 09:35:18,425 - cnn_mnist - INFO - 14
