2019-03-09 09:17:44,520 - cnn_mnist - INFO - [[[[-6.17747270e-02 -1.83821931e-01 -6.11557551e-02  1.18313827e-01
     4.40793559e-02 -6.19449392e-02  9.46673900e-02  1.51318852e-02
     8.28197822e-02 -2.80125830e-02  6.31176457e-02 -4.93129827e-02
    -2.42235344e-02 -2.91999918e-03  1.19696490e-01  1.68019012e-02
     1.97794624e-02 -7.19564408e-02 -2.51647588e-02  4.39124256e-02
    -1.44993499e-01  7.43746534e-02  8.26434717e-02  1.81618601e-01
    -4.06565890e-02  5.90625815e-02 -5.99750765e-02  1.04395762e-01
     3.05703469e-02 -1.41397715e-02  4.77087162e-02  6.41952094e-04]]

  [[-3.99734639e-02  1.99971572e-02 -1.38415173e-01  2.08606254e-02
    -7.70674348e-02  5.15733613e-03 -3.76259498e-02 -3.48650292e-02
    -1.58885524e-01  1.36888549e-02 -1.17828287e-01  1.27273396e-01
     9.68015790e-02 -7.84002766e-02 -1.54231951e-01 -1.09286681e-01
     1.28921628e-01 -7.14661106e-02 -8.71542841e-02 -4.32924321e-03
    -1.56977654e-01  1.02418438e-01  4.92666438e-02 -5.46538793e-02
    -2.00511497e-02  1.51426911e-01  1.15972951e-01 -1.35456249e-01
     3.73263215e-03 -1.04873531e-01  1.06832087e-01  3.22772637e-02]]

  [[-1.53183147e-01  5.82083873e-02 -1.27506498e-02  1.64200708e-01
     9.18854922e-02  4.00792174e-02  4.86312099e-02 -7.00891316e-02
    -7.36096350e-04  5.93197346e-02 -5.22448905e-02  1.71792015e-01
    -8.70487929e-05  6.59604892e-02 -1.04387417e-01 -2.61890721e-02
    -3.45742814e-02 -1.14865594e-01  1.25977129e-01  1.62017360e-01
    -9.92739126e-02  9.84859988e-02  8.25187340e-02  9.09339041e-02
     1.13058891e-02  6.94131032e-02  6.08980246e-02  5.10390997e-02
     1.93796188e-01 -2.06309408e-02  6.75079823e-02 -5.42722829e-02]]

  [[-8.38655457e-02  2.15203203e-02 -1.78848401e-01  7.38118251e-04
     2.73616589e-03 -9.07512903e-02 -5.36088124e-02 -2.25974736e-03
    -1.22428518e-02  3.98975387e-02  1.95290804e-01 -1.08922079e-01
     1.85760096e-01 -1.86145887e-01  5.10793440e-02  9.36084464e-02
    -6.13120710e-03 -8.38695318e-02  1.20325364e-01 -1.25602260e-02
    -4.96365316e-02  9.67040733e-02 -1.79106575e-02  4.87402603e-02
     8.91632661e-02  1.23416685e-01  1.23818375e-01  1.62898023e-02
     9.29901898e-02 -2.33770832e-02 -8.57062861e-02 -1.66242003e-01]]

  [[-7.63624534e-03  4.71108370e-02  1.45930290e-01  1.94177628e-02
     9.73609760e-02 -9.12015885e-02  8.75178427e-02  3.37575488e-02
     1.27230972e-01 -1.62235990e-01  1.13011710e-01 -8.53924230e-02
    -1.10991094e-02 -7.28676021e-02 -9.93924513e-02 -8.84402245e-02
     1.81696907e-01  6.47536293e-02 -8.17583874e-02 -1.84271097e-01
    -1.12040818e-01 -8.44331980e-02  1.31029487e-01 -1.20127849e-01
     2.38749664e-02  8.24899599e-02 -2.93559786e-02 -3.88420857e-02
     3.30140479e-02  1.08088516e-01  1.66391149e-01  5.14322482e-02]]]


 [[[ 3.18959914e-02 -1.07925214e-01 -7.00258836e-02  1.04017608e-01
     1.38204722e-02 -1.06865287e-01  5.69134913e-02 -1.56967700e-01
     1.45340161e-02  1.98902539e-03 -2.75740568e-02  1.48298144e-01
     5.07475846e-02  9.07151923e-02 -3.67596596e-02 -1.30542919e-01
     1.05357982e-01  1.67041183e-01  1.43096065e-02 -1.95494760e-02
     2.50919294e-02 -6.68147728e-02 -1.46473544e-02  1.08572535e-01
     3.16770189e-02  7.03320429e-02 -2.15615816e-02  4.41727079e-02
     4.27567847e-02  1.58279613e-01 -4.86230515e-02 -3.63928042e-02]]

  [[ 4.89252508e-02  1.38458833e-01 -2.50156820e-02  4.26635472e-03
     4.13950495e-02  1.50830373e-01  5.00496589e-02 -4.40894701e-02
     3.50397043e-02 -1.03983991e-01  6.30216822e-02 -2.02098358e-02
    -3.55301537e-02  4.53461558e-02  3.42946462e-02  3.45258415e-02
    -1.54941380e-02 -8.67983028e-02  1.51006151e-02  1.82308350e-02
    -3.48339789e-02 -1.27449676e-01  1.40026882e-01  1.03136145e-01
     7.81638324e-02 -1.88878905e-02 -4.64255922e-02 -2.48926785e-02
     2.32327674e-02 -1.25972822e-01 -1.58827286e-02 -9.68519971e-02]]

  [[ 8.54555890e-02  8.32668971e-03  6.71243444e-02  1.67055860e-01
    -1.34233087e-02 -3.96761261e-02 -7.36317560e-02 -1.71141829e-02
     3.63141820e-02 -4.90059284e-03 -1.96676552e-02  5.69302551e-02
    -5.77686206e-02 -1.20157853e-01 -1.70452997e-01 -1.28675252e-01
     1.98406368e-01  9.76119190e-02  3.29143070e-02 -1.91260204e-01
    -2.93117892e-02 -7.77700692e-02  1.36133078e-02 -1.56297132e-01
     2.63710227e-03 -8.54322836e-02  5.29106660e-03 -5.66534996e-02
     1.14532553e-01  6.13463819e-02  3.76699083e-02 -9.96204675e-04]]

  [[-5.01215458e-02  1.58864588e-01  9.22956541e-02 -1.29791245e-01
     1.59987137e-01  6.60066083e-02 -5.09663485e-02 -2.87528783e-02
     1.73276037e-01  4.38998528e-02  1.15955316e-01  1.88104641e-02
     1.37976155e-01  2.27315146e-02  7.03930929e-02 -1.65573895e-01
    -1.23586394e-01 -9.38091129e-02 -3.10416669e-02 -4.66828905e-02
     1.64173301e-02  4.03504185e-02 -2.52310541e-02 -7.32328221e-02
     1.67716399e-01  2.84815822e-02  1.56649962e-01 -1.68019935e-01
     5.93015850e-02  2.74732262e-02 -8.64538774e-02  8.92103016e-02]]

  [[-6.25784695e-02 -1.93431880e-02  1.28914369e-02 -2.93213855e-02
    -1.09408833e-01  8.46872330e-02  8.36281702e-02  1.34583995e-01
     8.66913497e-02  7.54002035e-02  1.33518890e-01 -8.68353695e-02
    -8.72246847e-02  1.25636384e-01  2.87497789e-02  5.98383509e-02
    -1.52375877e-01 -1.55666351e-01  1.41773419e-02 -5.77356815e-02
     4.83959615e-02 -1.59305986e-02  2.61326917e-02  1.46220252e-01
     7.00919423e-03  2.22088359e-02 -1.13846235e-01  1.47169173e-01
     1.04490928e-01  1.06283776e-01  5.52069908e-03 -9.76638794e-02]]]


 [[[-5.60434833e-02 -6.89542070e-02  8.37817416e-02 -5.41552901e-02
    -5.98908029e-02 -1.83798686e-01 -1.32236451e-01  7.92013928e-02
     9.52113494e-02 -1.94803461e-01 -6.40530959e-02  1.27213523e-01
     6.58185259e-02 -7.49173760e-02  2.13259216e-02 -3.82120870e-02
    -6.08172305e-02 -5.07271476e-02  1.37843592e-02 -4.80789952e-02
    -2.96054929e-02 -6.10282309e-02 -1.00144066e-01 -3.58761922e-02
     7.91976079e-02 -1.27180606e-01  1.40390143e-01  1.02161162e-01
    -9.91928112e-03 -1.33668661e-01  5.86467274e-02 -9.18436795e-03]]

  [[-3.73225622e-02 -1.74340993e-01  1.10753037e-01 -4.21128049e-03
     9.69178826e-02  5.31457961e-02 -1.73263028e-01  3.58336344e-02
    -1.83608010e-02  1.06139578e-01 -9.09328535e-02  6.52325526e-02
     5.92780486e-02 -1.38696834e-01  9.83060449e-02 -1.81441441e-01
    -6.27930984e-02 -5.78679107e-02  1.56642824e-01 -1.74370095e-01
    -2.75339019e-02 -1.17353991e-01 -1.46318331e-01 -2.44779754e-02
    -1.34104028e-01 -3.52063845e-03  9.14081335e-02 -2.15053055e-02
     6.43169209e-02 -2.77154446e-02 -5.95391057e-02 -5.56538478e-02]]

  [[ 9.68543515e-02  4.78763096e-02  1.46066761e-02 -1.49851456e-01
     7.59308115e-02  9.85866338e-02  1.67479962e-01 -9.50990319e-02
     1.24155425e-01  4.12077596e-03  8.20752904e-02 -1.09036088e-01
    -6.97197840e-02 -1.24070287e-01  1.38751224e-01  2.36111544e-02
    -7.05729797e-02  7.51881227e-02 -1.31319925e-01  3.74189690e-02
    -3.47782224e-02 -1.54234454e-01  4.80671553e-03  3.08773518e-02
    -4.88474034e-02  5.63966222e-02 -1.03674792e-01 -8.02684352e-02
    -3.31850871e-02  4.05987576e-02  1.62256688e-01  5.02421074e-02]]

  [[-1.25844002e-01  8.93644989e-02 -8.81355330e-02  7.32711479e-02
     4.22708169e-02 -1.32661238e-01  2.52947118e-02 -6.05005734e-02
     1.24778142e-02 -4.88144644e-02 -1.22123342e-02 -1.50712922e-01
    -6.86511472e-02 -1.24659732e-01 -6.93850145e-02 -1.12568904e-02
     7.66552910e-02  3.90614606e-02  7.54052773e-02 -1.46068707e-02
     1.24475710e-01  5.96287623e-02  1.40486285e-01  7.21058547e-02
     2.19146144e-02 -5.31805586e-03 -4.39575724e-02 -1.39002591e-01
     7.68940970e-02  9.71060917e-02  4.82632890e-02  2.63174763e-03]]

  [[-1.78417802e-01 -3.83577086e-02 -1.87606558e-01  2.75299940e-02
    -6.37050346e-03  8.72565061e-02  1.83890089e-02 -7.55597576e-02
     7.09203035e-02  1.95771176e-03 -7.62881264e-02  4.49997224e-02
    -7.47692958e-02 -1.18811443e-01  1.64693698e-01  1.22334741e-01
    -5.25188409e-02  1.09856322e-01 -4.62265871e-02  6.96917996e-02
     1.23512425e-01 -9.88521576e-02  1.24496808e-02 -3.02002281e-02
     1.84262291e-01 -8.89971182e-02 -1.29724279e-01 -7.30759129e-02
    -1.24670407e-02 -9.17243883e-02  3.32244262e-02  2.92206760e-02]]]


 [[[-6.98545054e-02  9.72815380e-02 -1.49295658e-01  1.23010464e-02
     1.16269425e-01 -9.49291065e-02 -1.36794671e-01 -6.09771498e-02
     1.14247864e-02 -1.82022691e-01  1.31397605e-01  1.39444351e-01
     1.98149279e-01 -1.57625675e-01 -2.06907699e-03  1.49582744e-01
     5.74165992e-02  1.42616272e-01 -3.05328947e-02  1.44042820e-02
    -4.95661236e-02  4.01041321e-02  6.03841543e-02 -1.45022020e-01
    -1.59829520e-02  1.19443908e-01 -1.33492321e-01 -5.06183878e-02
     5.80842458e-02  2.58691907e-02 -6.69317087e-03 -1.60389051e-01]]

  [[ 1.31523892e-01  1.12450242e-01 -6.33077398e-02  6.79445593e-03
     5.70410006e-02  1.04993926e-02  4.94702309e-02  1.51014373e-01
    -2.84406431e-02 -1.08311072e-01 -4.50508334e-02  1.96304675e-02
    -4.24413159e-02  1.20106854e-01 -9.43698175e-03  1.51909459e-02
     3.05902511e-02  6.42522946e-02 -8.20736662e-02  7.34378174e-02
     1.67347014e-01 -6.60145581e-02 -1.08625650e-01  1.28650337e-01
    -1.00934736e-01  8.69771391e-02 -1.64932236e-01  5.35806231e-02
     5.73152304e-02 -9.61755142e-02 -6.73107356e-02  1.56164795e-01]]

  [[-8.28136317e-03  5.44457808e-02  2.97705736e-03  1.41743079e-01
    -7.24229366e-02 -1.07986085e-01 -2.23918818e-02  5.32858670e-02
     3.28345262e-02 -6.76918402e-02 -1.97114516e-02  5.34654818e-02
    -3.80170718e-02 -5.02061620e-02  5.84970228e-02  6.49534389e-02
     9.27273780e-02 -3.65936682e-02  1.62374321e-02  1.19668655e-01
    -4.52240855e-02 -1.29061759e-01  1.73865005e-01  6.35506539e-03
    -8.48198161e-02 -1.39434999e-02  3.57271545e-02 -1.69716887e-02
     4.91640382e-02  4.82309051e-02  3.71617004e-02 -7.47964233e-02]]

  [[ 8.43373314e-02  1.60554629e-02  1.54239953e-01 -1.14581604e-02
     1.08946823e-01  1.39802694e-01 -2.09635533e-02  3.70476954e-02
     1.75561290e-02  1.68862548e-02 -4.56203409e-02  2.82006469e-02
    -3.78281251e-02  1.37080163e-01  1.03547812e-01 -1.34550363e-01
     1.53754175e-01 -2.75057908e-02  3.27831544e-02 -6.26889542e-02
     1.47033811e-01  1.32295564e-01 -3.82288210e-02 -6.98706731e-02
    -6.84359148e-02  4.63376306e-02 -1.66448578e-01  1.89614985e-02
    -8.83634761e-02  5.05663119e-02 -1.01872317e-01 -6.22792915e-02]]

  [[-1.12021066e-01 -3.31585929e-02  1.20585360e-01 -7.71858990e-02
    -1.82783999e-03  2.18038205e-02 -9.78763178e-02  1.25751898e-01
    -2.71037524e-03 -1.64503798e-01 -3.44147533e-02 -7.07642660e-02
    -3.58722769e-02 -1.72352716e-02 -3.35514545e-03 -7.03488439e-02
     6.14007190e-02  2.61533745e-02  8.80485699e-02  3.96106467e-02
     1.32582545e-01 -1.41069908e-02 -1.05877601e-01 -1.67270452e-01
     6.12855097e-03  2.85356622e-02  1.05619960e-01  1.13698384e-02
     2.56794691e-02  3.67662008e-03  5.73285818e-02 -1.87307093e-02]]]


 [[[-7.97078237e-02 -8.68036821e-02  7.68235847e-02 -9.50187631e-03
     1.45581529e-01 -2.37844959e-02 -6.24732785e-02  4.38833088e-02
    -1.57494127e-04 -2.27582883e-02  4.64238152e-02 -1.49885252e-01
    -7.43017122e-02  2.88242078e-03 -1.26533359e-01 -8.71961471e-03
    -1.83351152e-02  3.92922647e-02 -1.06511474e-01  4.27522026e-02
     1.25618264e-01  5.76431118e-03  1.70441464e-01  9.92704835e-03
     6.65941760e-02  1.26979932e-01  1.12935975e-01 -3.11542582e-02
    -9.03054848e-02  1.91277608e-01  2.59436797e-02  8.59534368e-02]]

  [[-3.11851054e-02 -1.35692745e-01 -1.94454715e-02  2.48303940e-03
    -3.40852365e-02 -2.43492592e-02 -6.94145858e-02  4.07175943e-02
    -1.37360469e-01 -1.44603953e-01 -5.70527371e-03  1.37115479e-01
     4.90286164e-02  1.24007814e-01  5.04240096e-02 -3.96200344e-02
    -5.22880517e-02  5.19349389e-02  1.54529601e-01 -7.16585442e-02
     6.24669269e-02  1.37686521e-01 -3.09624942e-03 -7.60372803e-02
     4.70747240e-02 -2.71965843e-02 -8.77979845e-02  1.57804802e-01
     6.32170215e-02  5.93593121e-02 -3.67945805e-02 -3.60261425e-02]]

  [[-4.04656753e-02  4.67347354e-02 -1.47161353e-02  2.33270749e-02
     2.71505248e-02 -8.22913647e-02 -3.08890920e-02  4.15275097e-02
    -3.49267013e-02 -5.98398559e-02 -3.04376315e-02 -2.16683205e-02
    -1.43709022e-03  9.81826186e-02 -1.47917662e-02  7.78420344e-02
    -1.00320600e-01 -1.01498783e-01  8.80492255e-02  2.97646802e-02
     5.22412769e-02 -7.40929469e-02 -1.00416161e-01 -3.18562053e-02
     3.41765545e-02 -5.21599650e-02 -1.25223204e-01 -1.24103062e-01
     9.60358307e-02  1.10985972e-02 -1.54618040e-01 -8.16543698e-02]]

  [[ 8.31906125e-02 -1.38831243e-01  3.80345993e-02 -6.99710473e-02
    -7.70535395e-02  3.19944061e-02  8.38634297e-02  7.12866411e-02
    -7.53302723e-02  1.39562428e-01 -5.75505160e-02 -1.07768355e-02
    -1.13221280e-01  2.49049515e-02 -1.00253339e-04  6.94883689e-02
    -1.49476126e-01  1.86111525e-01  1.47847548e-01 -1.71768829e-01
     3.56263779e-02  1.69166714e-01 -2.63274666e-02 -7.95511603e-02
     2.93000024e-02  1.51862754e-02 -1.29587427e-02  1.08678974e-01
    -4.36987393e-02 -1.94349393e-01  7.64725208e-02 -1.28215760e-01]]

  [[ 5.16719883e-03 -5.46518750e-02  1.48145184e-01  3.30084451e-02
     1.08945221e-02  3.98451053e-02 -3.24507914e-02  9.43500772e-02
    -1.31649435e-01  1.25900596e-01 -5.93670420e-02 -1.34424493e-01
     8.18768218e-02  7.92816877e-02 -1.84430644e-01  9.38606337e-02
    -1.84301972e-01  3.89371775e-02  1.45342514e-01  5.95910437e-02
     1.23659849e-01 -1.28459439e-01  8.15109760e-02 -9.19282436e-02
     6.04401827e-02 -4.46242979e-03 -6.80148751e-02  7.89998248e-02
     2.91496795e-02  1.43689156e-01  4.70178984e-02  3.04448940e-02]]]]
